[2022-06-03 09:54:14] [ INFO ] [AfiliadoTest:20] Se invoca el metodo mostrarCategoriaTest
[2022-06-03 09:54:14] [ INFO ] [AfiliadoTest:22] Se creo el objeto afiliado
[2022-06-03 09:54:14] [ INFO ] [AfiliadoTest:24] Se seteo las ventas
[2022-06-03 09:54:14] [ INFO ] [AfiliadoTest:26] Se comprobo los puntos
[2022-06-03 09:55:35] [ INFO ] [AfiliadoTest:21] Se invoca el metodo mostrarCategoriaTest
[2022-06-03 09:55:35] [ INFO ] [AfiliadoTest:23] Se creo el objeto afiliado
[2022-06-03 09:55:35] [ INFO ] [AfiliadoTest:25] Se seteo las ventas
[2022-06-03 09:55:35] [ INFO ] [AfiliadoTest:27] Se comprobo los puntos
[2022-06-03 09:56:06] [ INFO ] [AfiliadoTest:21] Se invoca el metodo mostrarCategoriaTest
[2022-06-03 09:56:06] [ INFO ] [AfiliadoTest:23] Se creo el objeto afiliado
[2022-06-03 09:56:06] [ INFO ] [AfiliadoTest:26] Se seteo las ventas
[2022-06-03 09:56:06] [ INFO ] [AfiliadoTest:28] Se comprobo los puntos
[2022-06-03 12:32:11] [ INFO ] [AfiliadoTest:21] Se invoca el metodo mostrarCategoriaTest
[2022-06-03 12:32:11] [ INFO ] [AfiliadoTest:23] Se creo el objeto afiliado
[2022-06-03 12:32:11] [ INFO ] [AfiliadoTest:26] Se seteo las ventas
[2022-06-03 12:32:11] [ INFO ] [AfiliadoTest:28] Se comprobo los puntos
[2022-06-03 12:33:07] [ INFO ] [AfiliadoTest:21] Se invoca el metodo mostrarCategoriaTest
[2022-06-03 12:33:07] [ INFO ] [AfiliadoTest:23] Se creo el objeto afiliado
[2022-06-03 12:33:07] [ INFO ] [AfiliadoTest:26] Se seteo las ventas
[2022-06-03 12:33:07] [ INFO ] [AfiliadoTest:28] Se comprobo los puntos
[2022-06-03 12:33:07] [ INFO ] [AfiliadoTest:30] Se comprobo la categoria
